<?xml version="1.0" encoding="UTF-8"?>
<testsuite name="hello.HelloWorldConfigurationTests" tests="1" skipped="0" failures="0" errors="0" timestamp="2023-07-06T03:02:43" hostname="merciof-desktop" time="1.34">
  <properties/>
  <testcase name="testGreeting()" classname="hello.HelloWorldConfigurationTests" time="1.34"/>
  <system-out><![CDATA[00:02:41.332 [Test worker] INFO org.springframework.test.context.support.AnnotationConfigContextLoaderUtils -- Could not detect default configuration classes for test class [hello.HelloWorldConfigurationTests]: HelloWorldConfigurationTests does not declare any static, non-private, non-final, nested classes annotated with @Configuration.
00:02:41.433 [Test worker] INFO org.springframework.boot.test.context.SpringBootTestContextBootstrapper -- Found @SpringBootConfiguration hello.Application for test class hello.HelloWorldConfigurationTests

  .   ____          _            __ _ _
 /\\ / ___'_ __ _ _(_)_ __  __ _ \ \ \ \
( ( )\___ | '_ | '_| | '_ \/ _` | \ \ \ \
 \\/  ___)| |_)| | | | | || (_| |  ) ) ) )
  '  |____| .__|_| |_|_| |_\__, | / / / /
 =========|_|==============|___/=/_/_/_/
 :: Spring Boot ::                (v3.1.0)

2023-07-06T00:02:42.048-03:00  INFO 43763 --- [    Test worker] hello.HelloWorldConfigurationTests       : Starting HelloWorldConfigurationTests using Java 17.0.6 with PID 43763 (started by merciof in /home/merciof/Downloads/projetos/gs-spring-boot-docker/complete)
2023-07-06T00:02:42.049-03:00  INFO 43763 --- [    Test worker] hello.HelloWorldConfigurationTests       : No active profile set, falling back to 1 default profile: "default"
2023-07-06T00:02:43.269-03:00  INFO 43763 --- [    Test worker] o.s.b.w.embedded.tomcat.TomcatWebServer  : Tomcat initialized with port(s): 0 (http)
2023-07-06T00:02:43.303-03:00  INFO 43763 --- [    Test worker] o.apache.catalina.core.StandardService   : Starting service [Tomcat]
2023-07-06T00:02:43.303-03:00  INFO 43763 --- [    Test worker] o.apache.catalina.core.StandardEngine    : Starting Servlet engine: [Apache Tomcat/10.1.8]
2023-07-06T00:02:43.409-03:00  INFO 43763 --- [    Test worker] o.a.c.c.C.[Tomcat].[localhost].[/]       : Initializing Spring embedded WebApplicationContext
2023-07-06T00:02:43.412-03:00  INFO 43763 --- [    Test worker] w.s.c.ServletWebServerApplicationContext : Root WebApplicationContext: initialization completed in 1341 ms
2023-07-06T00:02:43.800-03:00  INFO 43763 --- [    Test worker] o.s.b.w.embedded.tomcat.TomcatWebServer  : Tomcat started on port(s): 39263 (http) with context path ''
2023-07-06T00:02:43.810-03:00  INFO 43763 --- [    Test worker] hello.HelloWorldConfigurationTests       : Started HelloWorldConfigurationTests in 2.184 seconds (process running for 3.407)
2023-07-06T00:02:44.790-03:00  INFO 43763 --- [o-auto-1-exec-1] o.a.c.c.C.[Tomcat].[localhost].[/]       : Initializing Spring DispatcherServlet 'dispatcherServlet'
2023-07-06T00:02:44.791-03:00  INFO 43763 --- [o-auto-1-exec-1] o.s.web.servlet.DispatcherServlet        : Initializing Servlet 'dispatcherServlet'
2023-07-06T00:02:44.792-03:00  INFO 43763 --- [o-auto-1-exec-1] o.s.web.servlet.DispatcherServlet        : Completed initialization in 1 ms
2023-07-06T00:02:45.170-03:00  INFO 43763 --- [    Test worker] o.apache.catalina.core.StandardService   : Stopping service [Tomcat]
2023-07-06T00:02:45.175-03:00  INFO 43763 --- [    Test worker] o.a.c.c.C.[Tomcat].[localhost].[/]       : Destroying Spring FrameworkServlet 'dispatcherServlet'
]]></system-out>
  <system-err><![CDATA[]]></system-err>
</testsuite>
